[INFO] Scanning for projects...
[INFO] 
[INFO] -------------------------< com.klu:edumanage >--------------------------
[INFO] Building EduManage ERP 1.0.0
[INFO]   from pom.xml
[INFO] --------------------------------[ jar ]---------------------------------
[INFO] 
[INFO] --- clean:3.4.1:clean (default-clean) @ edumanage ---
[INFO] Deleting C:\Users\VISHWAS\Downloads\project\project\target
[INFO] 
[INFO] >>> spring-boot:3.4.4:run (default-cli) > test-compile @ edumanage >>>
[INFO] 
[INFO] --- resources:3.3.1:resources (default-resources) @ edumanage ---
[INFO] Copying 1 resource from src\main\resources to target\classes
[INFO] Copying 0 resource from src\main\resources to target\classes
[INFO] 
[INFO] --- compiler:3.13.0:compile (default-compile) @ edumanage ---
[INFO] Recompiling the module because of changed source code.
[INFO] Compiling 102 source files with javac [debug parameters release 17] to target\classes
[INFO] -------------------------------------------------------------
[ERROR] COMPILATION ERROR : 
[INFO] -------------------------------------------------------------
[ERROR] /C:/Users/VISHWAS/Downloads/project/project/src/main/java/com/klu/project/service/impl/AuthServiceImpl.java:[42,25] cannot find symbol
  symbol:   method builder()
  location: class com.klu.project.entity.User
[INFO] 1 error
[INFO] -------------------------------------------------------------
[INFO] ------------------------------------------------------------------------
[INFO] BUILD FAILURE
[INFO] ------------------------------------------------------------------------
[INFO] Total time:  15.209 s
[INFO] Finished at: 2026-04-07T00:25:22+05:30
[INFO] ------------------------------------------------------------------------
[ERROR] Failed to execute goal org.apache.maven.plugins:maven-compiler-plugin:3.13.0:compile (default-compile) on project edumanage: Compilation failure
[ERROR] /C:/Users/VISHWAS/Downloads/project/project/src/main/java/com/klu/project/service/impl/AuthServiceImpl.java:[42,25] cannot find symbol
[ERROR]   symbol:   method builder()
[ERROR]   location: class com.klu.project.entity.User
[ERROR] 
[ERROR] -> [Help 1]
[ERROR] 
[ERROR] To see the full stack trace of the errors, re-run Maven with the -e switch.
[ERROR] Re-run Maven using the -X switch to enable full debug logging.
[ERROR] 
[ERROR] For more information about the errors and possible solutions, please read the following articles:
[ERROR] [Help 1] http://cwiki.apache.org/confluence/display/MAVEN/MojoFailureException
