[INFO] Scanning for projects...
[INFO] 
[INFO] -------------------------< com.klu:edumanage >--------------------------
[INFO] Building EduManage ERP 1.0.0
[INFO]   from pom.xml
[INFO] --------------------------------[ jar ]---------------------------------
[INFO] 
[INFO] --- clean:3.4.1:clean (default-clean) @ edumanage ---
[INFO] Deleting C:\Users\VISHWAS\Downloads\project\project\target
[INFO] 
[INFO] >>> spring-boot:3.4.4:run (default-cli) > test-compile @ edumanage >>>
[INFO] 
[INFO] --- resources:3.3.1:resources (default-resources) @ edumanage ---
[INFO] Copying 1 resource from src\main\resources to target\classes
[INFO] Copying 0 resource from src\main\resources to target\classes
[INFO] 
[INFO] --- compiler:3.13.0:compile (default-compile) @ edumanage ---
[INFO] Recompiling the module because of changed source code.
[INFO] Compiling 102 source files with javac [debug parameters release 17] to target\classes
[INFO] 
[INFO] --- resources:3.3.1:testResources (default-testResources) @ edumanage ---
[INFO] skip non existing resourceDirectory C:\Users\VISHWAS\Downloads\project\project\src\test\resources
[INFO] 
[INFO] --- compiler:3.13.0:testCompile (default-testCompile) @ edumanage ---
[INFO] Recompiling the module because of changed dependency.
[INFO] Compiling 1 source file with javac [debug parameters release 17] to target\test-classes
[WARNING] The following options were not recognized by any processor: '[mapstruct.defaultComponentModel]'
[INFO] 
[INFO] <<< spring-boot:3.4.4:run (default-cli) < test-compile @ edumanage <<<
[INFO] 
[INFO] 
[INFO] --- spring-boot:3.4.4:run (default-cli) @ edumanage ---
[INFO] Attaching agents: []

  .   ____          _            __ _ _
 /\\ / ___'_ __ _ _(_)_ __  __ _ \ \ \ \
( ( )\___ | '_ | '_| | '_ \/ _` | \ \ \ \
 \\/  ___)| |_)| | | | | || (_| |  ) ) ) )
  '  |____| .__|_| |_|_| |_\__, | / / / /
 =========|_|==============|___/=/_/_/_/

 :: Spring Boot ::                (v3.4.4)

2026-04-07T00:29:23.061+05:30  INFO 29292 --- [edumanage] [  restartedMain] com.klu.project.ProjectApplication       : Starting ProjectApplication using Java 17.0.18 with PID 29292 (C:\Users\VISHWAS\Downloads\project\project\target\classes started by VISHWAS in C:\Users\VISHWAS\Downloads\project\project)
2026-04-07T00:29:23.064+05:30 DEBUG 29292 --- [edumanage] [  restartedMain] com.klu.project.ProjectApplication       : Running with Spring Boot v3.4.4, Spring v6.2.5
2026-04-07T00:29:23.064+05:30  INFO 29292 --- [edumanage] [  restartedMain] com.klu.project.ProjectApplication       : No active profile set, falling back to 1 default profile: "default"
2026-04-07T00:29:23.171+05:30  INFO 29292 --- [edumanage] [  restartedMain] .e.DevToolsPropertyDefaultsPostProcessor : Devtools property defaults active! Set 'spring.devtools.add-properties' to 'false' to disable
2026-04-07T00:29:23.171+05:30  INFO 29292 --- [edumanage] [  restartedMain] .e.DevToolsPropertyDefaultsPostProcessor : For additional web related logging consider setting the 'logging.level.web' property to 'DEBUG'
2026-04-07T00:29:25.227+05:30  INFO 29292 --- [edumanage] [  restartedMain] .s.d.r.c.RepositoryConfigurationDelegate : Bootstrapping Spring Data JPA repositories in DEFAULT mode.
2026-04-07T00:29:25.480+05:30  INFO 29292 --- [edumanage] [  restartedMain] .s.d.r.c.RepositoryConfigurationDelegate : Finished Spring Data repository scanning in 220 ms. Found 11 JPA repository interfaces.
2026-04-07T00:29:26.689+05:30  INFO 29292 --- [edumanage] [  restartedMain] o.s.b.w.embedded.tomcat.TomcatWebServer  : Tomcat initialized with port 8085 (http)
2026-04-07T00:29:26.716+05:30  INFO 29292 --- [edumanage] [  restartedMain] o.apache.catalina.core.StandardService   : Starting service [Tomcat]
2026-04-07T00:29:26.716+05:30  INFO 29292 --- [edumanage] [  restartedMain] o.apache.catalina.core.StandardEngine    : Starting Servlet engine: [Apache Tomcat/10.1.39]
2026-04-07T00:29:26.830+05:30  INFO 29292 --- [edumanage] [  restartedMain] o.a.c.c.C.[Tomcat].[localhost].[/]       : Initializing Spring embedded WebApplicationContext
2026-04-07T00:29:26.832+05:30  INFO 29292 --- [edumanage] [  restartedMain] w.s.c.ServletWebServerApplicationContext : Root WebApplicationContext: initialization completed in 3660 ms
2026-04-07T00:29:27.041+05:30  INFO 29292 --- [edumanage] [  restartedMain] o.hibernate.jpa.internal.util.LogHelper  : HHH000204: Processing PersistenceUnitInfo [name: default]
2026-04-07T00:29:27.121+05:30  INFO 29292 --- [edumanage] [  restartedMain] org.hibernate.Version                    : HHH000412: Hibernate ORM core version 6.6.11.Final
2026-04-07T00:29:27.155+05:30  INFO 29292 --- [edumanage] [  restartedMain] o.h.c.internal.RegionFactoryInitiator    : HHH000026: Second-level cache disabled
2026-04-07T00:29:27.539+05:30  INFO 29292 --- [edumanage] [  restartedMain] o.s.o.j.p.SpringPersistenceUnitInfo      : No LoadTimeWeaver setup: ignoring JPA class transformer
2026-04-07T00:29:27.602+05:30  INFO 29292 --- [edumanage] [  restartedMain] com.zaxxer.hikari.HikariDataSource       : HikariPool-1 - Starting...
2026-04-07T00:29:27.883+05:30  INFO 29292 --- [edumanage] [  restartedMain] com.zaxxer.hikari.pool.HikariPool        : HikariPool-1 - Added connection com.mysql.cj.jdbc.ConnectionImpl@7ff2a36d
2026-04-07T00:29:27.885+05:30  INFO 29292 --- [edumanage] [  restartedMain] com.zaxxer.hikari.HikariDataSource       : HikariPool-1 - Start completed.
2026-04-07T00:29:27.985+05:30  WARN 29292 --- [edumanage] [  restartedMain] org.hibernate.orm.deprecation            : HHH90000025: MySQLDialect does not need to be specified explicitly using 'hibernate.dialect' (remove the property setting and it will be selected by default)
2026-04-07T00:29:28.021+05:30  INFO 29292 --- [edumanage] [  restartedMain] org.hibernate.orm.connections.pooling    : HHH10001005: Database info:
	Database JDBC URL [Connecting through datasource 'HikariDataSource (HikariPool-1)']
	Database driver: undefined/unknown
	Database version: 8.0.45
	Autocommit mode: undefined/unknown
	Isolation level: undefined/unknown
	Minimum pool size: undefined/unknown
	Maximum pool size: undefined/unknown
2026-04-07T00:29:29.775+05:30  INFO 29292 --- [edumanage] [  restartedMain] o.h.e.t.j.p.i.JtaPlatformInitiator       : HHH000489: No JTA platform available (set 'hibernate.transaction.jta.platform' to enable JTA platform integration)
2026-04-07T00:29:29.982+05:30  INFO 29292 --- [edumanage] [  restartedMain] j.LocalContainerEntityManagerFactoryBean : Initialized JPA EntityManagerFactory for persistence unit 'default'
2026-04-07T00:29:30.552+05:30 DEBUG 29292 --- [edumanage] [  restartedMain] c.k.p.security.JwtAuthenticationFilter   : Filter 'jwtAuthenticationFilter' configured for use
2026-04-07T00:29:30.833+05:30  INFO 29292 --- [edumanage] [  restartedMain] r$InitializeUserDetailsManagerConfigurer : Global AuthenticationManager configured with UserDetailsService bean with name customUserDetailsService
2026-04-07T00:29:32.898+05:30 DEBUG 29292 --- [edumanage] [  restartedMain] o.s.s.web.DefaultSecurityFilterChain     : Will secure any request with filters: DisableEncodeUrlFilter, WebAsyncManagerIntegrationFilter, SecurityContextHolderFilter, HeaderWriterFilter, CorsFilter, CorsFilter, LogoutFilter, JwtAuthenticationFilter, RequestCacheAwareFilter, SecurityContextHolderAwareRequestFilter, AnonymousAuthenticationFilter, SessionManagementFilter, ExceptionTranslationFilter, AuthorizationFilter
2026-04-07T00:29:33.985+05:30  WARN 29292 --- [edumanage] [  restartedMain] o.s.b.d.a.OptionalLiveReloadServer       : Unable to start LiveReload server
2026-04-07T00:29:34.037+05:30  INFO 29292 --- [edumanage] [  restartedMain] o.s.m.s.b.SimpleBrokerMessageHandler     : Starting...
2026-04-07T00:29:34.039+05:30  INFO 29292 --- [edumanage] [  restartedMain] o.s.m.s.b.SimpleBrokerMessageHandler     : BrokerAvailabilityEvent[available=true, SimpleBrokerMessageHandler [org.springframework.messaging.simp.broker.DefaultSubscriptionRegistry@6a208fe0]]
2026-04-07T00:29:34.042+05:30  INFO 29292 --- [edumanage] [  restartedMain] o.s.m.s.b.SimpleBrokerMessageHandler     : Started.
2026-04-07T00:29:34.099+05:30  INFO 29292 --- [edumanage] [  restartedMain] o.s.b.w.embedded.tomcat.TomcatWebServer  : Tomcat started on port 8085 (http) with context path '/'
2026-04-07T00:29:34.128+05:30  INFO 29292 --- [edumanage] [  restartedMain] com.klu.project.ProjectApplication       : Started ProjectApplication in 11.887 seconds (process running for 12.74)
2026-04-07T00:29:51.501+05:30  INFO 29292 --- [edumanage] [   File Watcher] rtingClassPathChangeChangedEventListener : Restarting due to 10 class path changes (0 additions, 0 deletions, 10 modifications)
2026-04-07T00:29:51.511+05:30  INFO 29292 --- [edumanage] [       Thread-1] o.s.b.w.e.tomcat.GracefulShutdown        : Commencing graceful shutdown. Waiting for active requests to complete
2026-04-07T00:29:52.012+05:30  INFO 29292 --- [edumanage] [tomcat-shutdown] o.s.b.w.e.tomcat.GracefulShutdown        : Graceful shutdown complete
2026-04-07T00:29:52.016+05:30  INFO 29292 --- [edumanage] [       Thread-1] o.s.m.s.b.SimpleBrokerMessageHandler     : Stopping...
2026-04-07T00:29:52.018+05:30  INFO 29292 --- [edumanage] [       Thread-1] o.s.m.s.b.SimpleBrokerMessageHandler     : BrokerAvailabilityEvent[available=false, SimpleBrokerMessageHandler [org.springframework.messaging.simp.broker.DefaultSubscriptionRegistry@6a208fe0]]
2026-04-07T00:29:52.018+05:30  INFO 29292 --- [edumanage] [       Thread-1] o.s.m.s.b.SimpleBrokerMessageHandler     : Stopped.
2026-04-07T00:29:52.030+05:30  INFO 29292 --- [edumanage] [       Thread-1] j.LocalContainerEntityManagerFactoryBean : Closing JPA EntityManagerFactory for persistence unit 'default'
2026-04-07T00:29:52.039+05:30  INFO 29292 --- [edumanage] [       Thread-1] com.zaxxer.hikari.HikariDataSource       : HikariPool-1 - Shutdown initiated...
2026-04-07T00:29:52.055+05:30  INFO 29292 --- [edumanage] [       Thread-1] com.zaxxer.hikari.HikariDataSource       : HikariPool-1 - Shutdown completed.

  .   ____          _            __ _ _
 /\\ / ___'_ __ _ _(_)_ __  __ _ \ \ \ \
( ( )\___ | '_ | '_| | '_ \/ _` | \ \ \ \
 \\/  ___)| |_)| | | | | || (_| |  ) ) ) )
  '  |____| .__|_| |_|_| |_\__, | / / / /
 =========|_|==============|___/=/_/_/_/

 :: Spring Boot ::                (v3.4.4)

2026-04-07T00:29:52.222+05:30  INFO 29292 --- [edumanage] [  restartedMain] com.klu.project.ProjectApplication       : Starting ProjectApplication using Java 17.0.18 with PID 29292 (C:\Users\VISHWAS\Downloads\project\project\target\classes started by VISHWAS in C:\Users\VISHWAS\Downloads\project\project)
2026-04-07T00:29:52.222+05:30 DEBUG 29292 --- [edumanage] [  restartedMain] com.klu.project.ProjectApplication       : Running with Spring Boot v3.4.4, Spring v6.2.5
2026-04-07T00:29:52.222+05:30  INFO 29292 --- [edumanage] [  restartedMain] com.klu.project.ProjectApplication       : No active profile set, falling back to 1 default profile: "default"
2026-04-07T00:29:53.322+05:30  INFO 29292 --- [edumanage] [  restartedMain] .s.d.r.c.RepositoryConfigurationDelegate : Bootstrapping Spring Data JPA repositories in DEFAULT mode.
2026-04-07T00:29:53.527+05:30  INFO 29292 --- [edumanage] [  restartedMain] .s.d.r.c.RepositoryConfigurationDelegate : Finished Spring Data repository scanning in 201 ms. Found 11 JPA repository interfaces.
2026-04-07T00:29:54.001+05:30  INFO 29292 --- [edumanage] [  restartedMain] o.s.b.w.embedded.tomcat.TomcatWebServer  : Tomcat initialized with port 8085 (http)
2026-04-07T00:29:54.003+05:30  INFO 29292 --- [edumanage] [  restartedMain] o.apache.catalina.core.StandardService   : Starting service [Tomcat]
2026-04-07T00:29:54.003+05:30  INFO 29292 --- [edumanage] [  restartedMain] o.apache.catalina.core.StandardEngine    : Starting Servlet engine: [Apache Tomcat/10.1.39]
2026-04-07T00:29:54.068+05:30  INFO 29292 --- [edumanage] [  restartedMain] o.a.c.c.C.[Tomcat].[localhost].[/]       : Initializing Spring embedded WebApplicationContext
2026-04-07T00:29:54.069+05:30  INFO 29292 --- [edumanage] [  restartedMain] w.s.c.ServletWebServerApplicationContext : Root WebApplicationContext: initialization completed in 1842 ms
2026-04-07T00:29:54.250+05:30  INFO 29292 --- [edumanage] [  restartedMain] o.hibernate.jpa.internal.util.LogHelper  : HHH000204: Processing PersistenceUnitInfo [name: default]
2026-04-07T00:29:54.259+05:30  INFO 29292 --- [edumanage] [  restartedMain] o.h.c.internal.RegionFactoryInitiator    : HHH000026: Second-level cache disabled
2026-04-07T00:29:54.295+05:30  INFO 29292 --- [edumanage] [  restartedMain] o.s.o.j.p.SpringPersistenceUnitInfo      : No LoadTimeWeaver setup: ignoring JPA class transformer
2026-04-07T00:29:54.297+05:30  INFO 29292 --- [edumanage] [  restartedMain] com.zaxxer.hikari.HikariDataSource       : HikariPool-2 - Starting...
2026-04-07T00:29:54.309+05:30  INFO 29292 --- [edumanage] [  restartedMain] com.zaxxer.hikari.pool.HikariPool        : HikariPool-2 - Added connection com.mysql.cj.jdbc.ConnectionImpl@159b9ca4
2026-04-07T00:29:54.310+05:30  INFO 29292 --- [edumanage] [  restartedMain] com.zaxxer.hikari.HikariDataSource       : HikariPool-2 - Start completed.
2026-04-07T00:29:54.312+05:30  WARN 29292 --- [edumanage] [  restartedMain] org.hibernate.orm.deprecation            : HHH90000025: MySQLDialect does not need to be specified explicitly using 'hibernate.dialect' (remove the property setting and it will be selected by default)
2026-04-07T00:29:54.312+05:30  INFO 29292 --- [edumanage] [  restartedMain] org.hibernate.orm.connections.pooling    : HHH10001005: Database info:
	Database JDBC URL [Connecting through datasource 'HikariDataSource (HikariPool-2)']
	Database driver: undefined/unknown
	Database version: 8.0.45
	Autocommit mode: undefined/unknown
	Isolation level: undefined/unknown
	Minimum pool size: undefined/unknown
	Maximum pool size: undefined/unknown
2026-04-07T00:29:54.973+05:30  INFO 29292 --- [edumanage] [  restartedMain] o.h.e.t.j.p.i.JtaPlatformInitiator       : HHH000489: No JTA platform available (set 'hibernate.transaction.jta.platform' to enable JTA platform integration)
2026-04-07T00:29:55.181+05:30  INFO 29292 --- [edumanage] [  restartedMain] j.LocalContainerEntityManagerFactoryBean : Initialized JPA EntityManagerFactory for persistence unit 'default'
2026-04-07T00:29:55.419+05:30 DEBUG 29292 --- [edumanage] [  restartedMain] c.k.p.security.JwtAuthenticationFilter   : Filter 'jwtAuthenticationFilter' configured for use
2026-04-07T00:29:55.609+05:30  WARN 29292 --- [edumanage] [  restartedMain] ConfigServletWebServerApplicationContext : Exception encountered during context initialization - cancelling refresh attempt: org.springframework.beans.factory.UnsatisfiedDependencyException: Error creating bean with name 'attendanceController' defined in file [C:\Users\VISHWAS\Downloads\project\project\target\classes\com\klu\project\controller\AttendanceController.class]: Unsatisfied dependency expressed through constructor parameter 0: Error creating bean with name 'attendanceServiceImpl' defined in file [C:\Users\VISHWAS\Downloads\project\project\target\classes\com\klu\project\service\impl\AttendanceServiceImpl.class]: Unsatisfied dependency expressed through constructor parameter 3: Error creating bean with name 'attendanceMapperImpl' defined in file [C:\Users\VISHWAS\Downloads\project\project\target\classes\com\klu\project\mapper\AttendanceMapperImpl.class]: Failed to instantiate [com.klu.project.mapper.AttendanceMapperImpl]: Constructor threw exception
2026-04-07T00:29:55.611+05:30  INFO 29292 --- [edumanage] [  restartedMain] j.LocalContainerEntityManagerFactoryBean : Closing JPA EntityManagerFactory for persistence unit 'default'
2026-04-07T00:29:55.612+05:30  INFO 29292 --- [edumanage] [  restartedMain] com.zaxxer.hikari.HikariDataSource       : HikariPool-2 - Shutdown initiated...
2026-04-07T00:29:55.619+05:30  INFO 29292 --- [edumanage] [  restartedMain] com.zaxxer.hikari.HikariDataSource       : HikariPool-2 - Shutdown completed.
2026-04-07T00:29:55.620+05:30  INFO 29292 --- [edumanage] [  restartedMain] o.apache.catalina.core.StandardService   : Stopping service [Tomcat]
2026-04-07T00:29:55.637+05:30  INFO 29292 --- [edumanage] [  restartedMain] .s.b.a.l.ConditionEvaluationReportLogger : 

Error starting ApplicationContext. To display the condition evaluation report re-run your application with 'debug' enabled.
2026-04-07T00:29:55.691+05:30 ERROR 29292 --- [edumanage] [  restartedMain] o.s.boot.SpringApplication               : Application run failed

org.springframework.beans.factory.UnsatisfiedDependencyException: Error creating bean with name 'attendanceController' defined in file [C:\Users\VISHWAS\Downloads\project\project\target\classes\com\klu\project\controller\AttendanceController.class]: Unsatisfied dependency expressed through constructor parameter 0: Error creating bean with name 'attendanceServiceImpl' defined in file [C:\Users\VISHWAS\Downloads\project\project\target\classes\com\klu\project\service\impl\AttendanceServiceImpl.class]: Unsatisfied dependency expressed through constructor parameter 3: Error creating bean with name 'attendanceMapperImpl' defined in file [C:\Users\VISHWAS\Downloads\project\project\target\classes\com\klu\project\mapper\AttendanceMapperImpl.class]: Failed to instantiate [com.klu.project.mapper.AttendanceMapperImpl]: Constructor threw exception
	at org.springframework.beans.factory.support.ConstructorResolver.createArgumentArray(ConstructorResolver.java:804) ~[spring-beans-6.2.5.jar:6.2.5]
	at org.springframework.beans.factory.support.ConstructorResolver.autowireConstructor(ConstructorResolver.java:240) ~[spring-beans-6.2.5.jar:6.2.5]
	at org.springframework.beans.factory.support.AbstractAutowireCapableBeanFactory.autowireConstructor(AbstractAutowireCapableBeanFactory.java:1381) ~[spring-beans-6.2.5.jar:6.2.5]
	at org.springframework.beans.factory.support.AbstractAutowireCapableBeanFactory.createBeanInstance(AbstractAutowireCapableBeanFactory.java:1218) ~[spring-beans-6.2.5.jar:6.2.5]
	at org.springframework.beans.factory.support.AbstractAutowireCapableBeanFactory.doCreateBean(AbstractAutowireCapableBeanFactory.java:563) ~[spring-beans-6.2.5.jar:6.2.5]
	at org.springframework.beans.factory.support.AbstractAutowireCapableBeanFactory.createBean(AbstractAutowireCapableBeanFactory.java:523) ~[spring-beans-6.2.5.jar:6.2.5]
	at org.springframework.beans.factory.support.AbstractBeanFactory.lambda$doGetBean$0(AbstractBeanFactory.java:339) ~[spring-beans-6.2.5.jar:6.2.5]
	at org.springframework.beans.factory.support.DefaultSingletonBeanRegistry.getSingleton(DefaultSingletonBeanRegistry.java:347) ~[spring-beans-6.2.5.jar:6.2.5]
	at org.springframework.beans.factory.support.AbstractBeanFactory.doGetBean(AbstractBeanFactory.java:337) ~[spring-beans-6.2.5.jar:6.2.5]
	at org.springframework.beans.factory.support.AbstractBeanFactory.getBean(AbstractBeanFactory.java:202) ~[spring-beans-6.2.5.jar:6.2.5]
	at org.springframework.beans.factory.support.DefaultListableBeanFactory.instantiateSingleton(DefaultListableBeanFactory.java:1155) ~[spring-beans-6.2.5.jar:6.2.5]
	at org.springframework.beans.factory.support.DefaultListableBeanFactory.preInstantiateSingleton(DefaultListableBeanFactory.java:1121) ~[spring-beans-6.2.5.jar:6.2.5]
	at org.springframework.beans.factory.support.DefaultListableBeanFactory.preInstantiateSingletons(DefaultListableBeanFactory.java:1056) ~[spring-beans-6.2.5.jar:6.2.5]
	at org.springframework.context.support.AbstractApplicationContext.finishBeanFactoryInitialization(AbstractApplicationContext.java:987) ~[spring-context-6.2.5.jar:6.2.5]
	at org.springframework.context.support.AbstractApplicationContext.refresh(AbstractApplicationContext.java:627) ~[spring-context-6.2.5.jar:6.2.5]
	at org.springframework.boot.web.servlet.context.ServletWebServerApplicationContext.refresh(ServletWebServerApplicationContext.java:146) ~[spring-boot-3.4.4.jar:3.4.4]
	at org.springframework.boot.SpringApplication.refresh(SpringApplication.java:752) ~[spring-boot-3.4.4.jar:3.4.4]
	at org.springframework.boot.SpringApplication.refreshContext(SpringApplication.java:439) ~[spring-boot-3.4.4.jar:3.4.4]
	at org.springframework.boot.SpringApplication.run(SpringApplication.java:318) ~[spring-boot-3.4.4.jar:3.4.4]
	at org.springframework.boot.SpringApplication.run(SpringApplication.java:1361) ~[spring-boot-3.4.4.jar:3.4.4]
	at org.springframework.boot.SpringApplication.run(SpringApplication.java:1350) ~[spring-boot-3.4.4.jar:3.4.4]
	at com.klu.project.ProjectApplication.main(ProjectApplication.java:12) ~[classes/:na]
	at java.base/jdk.internal.reflect.NativeMethodAccessorImpl.invoke0(Native Method) ~[na:na]
	at java.base/jdk.internal.reflect.NativeMethodAccessorImpl.invoke(NativeMethodAccessorImpl.java:77) ~[na:na]
	at java.base/jdk.internal.reflect.DelegatingMethodAccessorImpl.invoke(DelegatingMethodAccessorImpl.java:43) ~[na:na]
	at java.base/java.lang.reflect.Method.invoke(Method.java:569) ~[na:na]
	at org.springframework.boot.devtools.restart.RestartLauncher.run(RestartLauncher.java:50) ~[spring-boot-devtools-3.4.4.jar:3.4.4]
Caused by: org.springframework.beans.factory.UnsatisfiedDependencyException: Error creating bean with name 'attendanceServiceImpl' defined in file [C:\Users\VISHWAS\Downloads\project\project\target\classes\com\klu\project\service\impl\AttendanceServiceImpl.class]: Unsatisfied dependency expressed through constructor parameter 3: Error creating bean with name 'attendanceMapperImpl' defined in file [C:\Users\VISHWAS\Downloads\project\project\target\classes\com\klu\project\mapper\AttendanceMapperImpl.class]: Failed to instantiate [com.klu.project.mapper.AttendanceMapperImpl]: Constructor threw exception
	at org.springframework.beans.factory.support.ConstructorResolver.createArgumentArray(ConstructorResolver.java:804) ~[spring-beans-6.2.5.jar:6.2.5]
	at org.springframework.beans.factory.support.ConstructorResolver.autowireConstructor(ConstructorResolver.java:240) ~[spring-beans-6.2.5.jar:6.2.5]
	at org.springframework.beans.factory.support.AbstractAutowireCapableBeanFactory.autowireConstructor(AbstractAutowireCapableBeanFactory.java:1381) ~[spring-beans-6.2.5.jar:6.2.5]
	at org.springframework.beans.factory.support.AbstractAutowireCapableBeanFactory.createBeanInstance(AbstractAutowireCapableBeanFactory.java:1218) ~[spring-beans-6.2.5.jar:6.2.5]
	at org.springframework.beans.factory.support.AbstractAutowireCapableBeanFactory.doCreateBean(AbstractAutowireCapableBeanFactory.java:563) ~[spring-beans-6.2.5.jar:6.2.5]
	at org.springframework.beans.factory.support.AbstractAutowireCapableBeanFactory.createBean(AbstractAutowireCapableBeanFactory.java:523) ~[spring-beans-6.2.5.jar:6.2.5]
	at org.springframework.beans.factory.support.AbstractBeanFactory.lambda$doGetBean$0(AbstractBeanFactory.java:339) ~[spring-beans-6.2.5.jar:6.2.5]
	at org.springframework.beans.factory.support.DefaultSingletonBeanRegistry.getSingleton(DefaultSingletonBeanRegistry.java:347) ~[spring-beans-6.2.5.jar:6.2.5]
	at org.springframework.beans.factory.support.AbstractBeanFactory.doGetBean(AbstractBeanFactory.java:337) ~[spring-beans-6.2.5.jar:6.2.5]
	at org.springframework.beans.factory.support.AbstractBeanFactory.getBean(AbstractBeanFactory.java:202) ~[spring-beans-6.2.5.jar:6.2.5]
	at org.springframework.beans.factory.config.DependencyDescriptor.resolveCandidate(DependencyDescriptor.java:254) ~[spring-beans-6.2.5.jar:6.2.5]
	at org.springframework.beans.factory.support.DefaultListableBeanFactory.doResolveDependency(DefaultListableBeanFactory.java:1667) ~[spring-beans-6.2.5.jar:6.2.5]
	at org.springframework.beans.factory.support.DefaultListableBeanFactory.resolveDependency(DefaultListableBeanFactory.java:1555) ~[spring-beans-6.2.5.jar:6.2.5]
	at org.springframework.beans.factory.support.ConstructorResolver.resolveAutowiredArgument(ConstructorResolver.java:913) ~[spring-beans-6.2.5.jar:6.2.5]
	at org.springframework.beans.factory.support.ConstructorResolver.createArgumentArray(ConstructorResolver.java:791) ~[spring-beans-6.2.5.jar:6.2.5]
	... 26 common frames omitted
Caused by: org.springframework.beans.factory.BeanCreationException: Error creating bean with name 'attendanceMapperImpl' defined in file [C:\Users\VISHWAS\Downloads\project\project\target\classes\com\klu\project\mapper\AttendanceMapperImpl.class]: Failed to instantiate [com.klu.project.mapper.AttendanceMapperImpl]: Constructor threw exception
	at org.springframework.beans.factory.support.AbstractAutowireCapableBeanFactory.instantiateBean(AbstractAutowireCapableBeanFactory.java:1343) ~[spring-beans-6.2.5.jar:6.2.5]
	at org.springframework.beans.factory.support.AbstractAutowireCapableBeanFactory.createBeanInstance(AbstractAutowireCapableBeanFactory.java:1228) ~[spring-beans-6.2.5.jar:6.2.5]
	at org.springframework.beans.factory.support.AbstractAutowireCapableBeanFactory.doCreateBean(AbstractAutowireCapableBeanFactory.java:563) ~[spring-beans-6.2.5.jar:6.2.5]
	at org.springframework.beans.factory.support.AbstractAutowireCapableBeanFactory.createBean(AbstractAutowireCapableBeanFactory.java:523) ~[spring-beans-6.2.5.jar:6.2.5]
	at org.springframework.beans.factory.support.AbstractBeanFactory.lambda$doGetBean$0(AbstractBeanFactory.java:339) ~[spring-beans-6.2.5.jar:6.2.5]
	at org.springframework.beans.factory.support.DefaultSingletonBeanRegistry.getSingleton(DefaultSingletonBeanRegistry.java:347) ~[spring-beans-6.2.5.jar:6.2.5]
	at org.springframework.beans.factory.support.AbstractBeanFactory.doGetBean(AbstractBeanFactory.java:337) ~[spring-beans-6.2.5.jar:6.2.5]
	at org.springframework.beans.factory.support.AbstractBeanFactory.getBean(AbstractBeanFactory.java:202) ~[spring-beans-6.2.5.jar:6.2.5]
	at org.springframework.beans.factory.config.DependencyDescriptor.resolveCandidate(DependencyDescriptor.java:254) ~[spring-beans-6.2.5.jar:6.2.5]
	at org.springframework.beans.factory.support.DefaultListableBeanFactory.doResolveDependency(DefaultListableBeanFactory.java:1667) ~[spring-beans-6.2.5.jar:6.2.5]
	at org.springframework.beans.factory.support.DefaultListableBeanFactory.resolveDependency(DefaultListableBeanFactory.java:1555) ~[spring-beans-6.2.5.jar:6.2.5]
	at org.springframework.beans.factory.support.ConstructorResolver.resolveAutowiredArgument(ConstructorResolver.java:913) ~[spring-beans-6.2.5.jar:6.2.5]
	at org.springframework.beans.factory.support.ConstructorResolver.createArgumentArray(ConstructorResolver.java:791) ~[spring-beans-6.2.5.jar:6.2.5]
	... 40 common frames omitted
Caused by: org.springframework.beans.BeanInstantiationException: Failed to instantiate [com.klu.project.mapper.AttendanceMapperImpl]: Constructor threw exception
	at org.springframework.beans.BeanUtils.instantiateClass(BeanUtils.java:222) ~[spring-beans-6.2.5.jar:6.2.5]
	at org.springframework.beans.factory.support.SimpleInstantiationStrategy.instantiate(SimpleInstantiationStrategy.java:122) ~[spring-beans-6.2.5.jar:6.2.5]
	at org.springframework.beans.factory.support.AbstractAutowireCapableBeanFactory.instantiateBean(AbstractAutowireCapableBeanFactory.java:1337) ~[spring-beans-6.2.5.jar:6.2.5]
	... 52 common frames omitted
Caused by: java.lang.Error: Unresolved compilation problems: 
	The type com.klu.project.dto.response.AttendanceResponseDTO$AttendanceResponseDTOBuilder cannot be resolved. It is indirectly referenced from required type com.klu.project.dto.response.AttendanceResponseDTO
	AttendanceResponseDTO.AttendanceResponseDTOBuilder cannot be resolved to a type
	The method builder() from the type AttendanceResponseDTO refers to the missing type AttendanceResponseDTO$AttendanceResponseDTOBuilder

	at com.klu.project.mapper.AttendanceMapperImpl.<init>(AttendanceMapperImpl.java:26) ~[classes/:na]
	at java.base/jdk.internal.reflect.NativeConstructorAccessorImpl.newInstance0(Native Method) ~[na:na]
	at java.base/jdk.internal.reflect.NativeConstructorAccessorImpl.newInstance(NativeConstructorAccessorImpl.java:77) ~[na:na]
	at java.base/jdk.internal.reflect.DelegatingConstructorAccessorImpl.newInstance(DelegatingConstructorAccessorImpl.java:45) ~[na:na]
	at java.base/java.lang.reflect.Constructor.newInstanceWithCaller(Constructor.java:500) ~[na:na]
	at java.base/java.lang.reflect.Constructor.newInstance(Constructor.java:481) ~[na:na]
	at org.springframework.beans.BeanUtils.instantiateClass(BeanUtils.java:196) ~[spring-beans-6.2.5.jar:6.2.5]
	... 54 common frames omitted


  .   ____          _            __ _ _
 /\\ / ___'_ __ _ _(_)_ __  __ _ \ \ \ \
( ( )\___ | '_ | '_| | '_ \/ _` | \ \ \ \
 \\/  ___)| |_)| | | | | || (_| |  ) ) ) )
  '  |____| .__|_| |_|_| |_\__, | / / / /
 =========|_|==============|___/=/_/_/_/

 :: Spring Boot ::                (v3.4.4)

2026-04-07T00:30:33.093+05:30  INFO 29292 --- [edumanage] [  restartedMain] com.klu.project.ProjectApplication       : Starting ProjectApplication using Java 17.0.18 with PID 29292 (C:\Users\VISHWAS\Downloads\project\project\target\classes started by VISHWAS in C:\Users\VISHWAS\Downloads\project\project)
2026-04-07T00:30:33.094+05:30 DEBUG 29292 --- [edumanage] [  restartedMain] com.klu.project.ProjectApplication       : Running with Spring Boot v3.4.4, Spring v6.2.5
2026-04-07T00:30:33.134+05:30  INFO 29292 --- [edumanage] [  restartedMain] com.klu.project.ProjectApplication       : No active profile set, falling back to 1 default profile: "default"
2026-04-07T00:30:40.186+05:30  INFO 29292 --- [edumanage] [  restartedMain] .s.d.r.c.RepositoryConfigurationDelegate : Bootstrapping Spring Data JPA repositories in DEFAULT mode.
2026-04-07T00:30:40.760+05:30  INFO 29292 --- [edumanage] [  restartedMain] .s.d.r.c.RepositoryConfigurationDelegate : Finished Spring Data repository scanning in 567 ms. Found 11 JPA repository interfaces.
2026-04-07T00:30:42.085+05:30  INFO 29292 --- [edumanage] [  restartedMain] o.s.b.w.embedded.tomcat.TomcatWebServer  : Tomcat initialized with port 8085 (http)
2026-04-07T00:30:42.106+05:30  INFO 29292 --- [edumanage] [  restartedMain] o.apache.catalina.core.StandardService   : Starting service [Tomcat]
2026-04-07T00:30:42.106+05:30  INFO 29292 --- [edumanage] [  restartedMain] o.apache.catalina.core.StandardEngine    : Starting Servlet engine: [Apache Tomcat/10.1.39]
2026-04-07T00:30:42.328+05:30  INFO 29292 --- [edumanage] [  restartedMain] o.a.c.c.C.[Tomcat-1].[localhost].[/]     : Initializing Spring embedded WebApplicationContext
2026-04-07T00:30:42.328+05:30  INFO 29292 --- [edumanage] [  restartedMain] w.s.c.ServletWebServerApplicationContext : Root WebApplicationContext: initialization completed in 8955 ms
2026-04-07T00:30:42.763+05:30  INFO 29292 --- [edumanage] [  restartedMain] o.hibernate.jpa.internal.util.LogHelper  : HHH000204: Processing PersistenceUnitInfo [name: default]
2026-04-07T00:30:42.784+05:30  INFO 29292 --- [edumanage] [  restartedMain] o.h.c.internal.RegionFactoryInitiator    : HHH000026: Second-level cache disabled
2026-04-07T00:30:42.865+05:30  INFO 29292 --- [edumanage] [  restartedMain] o.s.o.j.p.SpringPersistenceUnitInfo      : No LoadTimeWeaver setup: ignoring JPA class transformer
2026-04-07T00:30:42.877+05:30  INFO 29292 --- [edumanage] [  restartedMain] com.zaxxer.hikari.HikariDataSource       : HikariPool-3 - Starting...
2026-04-07T00:30:42.898+05:30  INFO 29292 --- [edumanage] [  restartedMain] com.zaxxer.hikari.pool.HikariPool        : HikariPool-3 - Added connection com.mysql.cj.jdbc.ConnectionImpl@68eb59ea
2026-04-07T00:30:42.899+05:30  INFO 29292 --- [edumanage] [  restartedMain] com.zaxxer.hikari.HikariDataSource       : HikariPool-3 - Start completed.
2026-04-07T00:30:42.908+05:30  WARN 29292 --- [edumanage] [  restartedMain] org.hibernate.orm.deprecation            : HHH90000025: MySQLDialect does not need to be specified explicitly using 'hibernate.dialect' (remove the property setting and it will be selected by default)
2026-04-07T00:30:42.913+05:30  INFO 29292 --- [edumanage] [  restartedMain] org.hibernate.orm.connections.pooling    : HHH10001005: Database info:
	Database JDBC URL [Connecting through datasource 'HikariDataSource (HikariPool-3)']
	Database driver: undefined/unknown
	Database version: 8.0.45
	Autocommit mode: undefined/unknown
	Isolation level: undefined/unknown
	Minimum pool size: undefined/unknown
	Maximum pool size: undefined/unknown
2026-04-07T00:30:44.463+05:30  INFO 29292 --- [edumanage] [  restartedMain] o.h.e.t.j.p.i.JtaPlatformInitiator       : HHH000489: No JTA platform available (set 'hibernate.transaction.jta.platform' to enable JTA platform integration)
2026-04-07T00:30:44.869+05:30  INFO 29292 --- [edumanage] [  restartedMain] j.LocalContainerEntityManagerFactoryBean : Initialized JPA EntityManagerFactory for persistence unit 'default'
2026-04-07T00:30:45.284+05:30 DEBUG 29292 --- [edumanage] [  restartedMain] c.k.p.security.JwtAuthenticationFilter   : Filter 'jwtAuthenticationFilter' configured for use
2026-04-07T00:30:45.316+05:30  WARN 29292 --- [edumanage] [  restartedMain] ConfigServletWebServerApplicationContext : Exception encountered during context initialization - cancelling refresh attempt: org.springframework.beans.factory.BeanCreationException: Error creating bean with name 'attendanceController' defined in file [C:\Users\VISHWAS\Downloads\project\project\target\classes\com\klu\project\controller\AttendanceController.class]: Failed to instantiate [com.klu.project.controller.AttendanceController]: Constructor threw exception
2026-04-07T00:30:45.317+05:30  INFO 29292 --- [edumanage] [  restartedMain] j.LocalContainerEntityManagerFactoryBean : Closing JPA EntityManagerFactory for persistence unit 'default'
2026-04-07T00:30:45.319+05:30  INFO 29292 --- [edumanage] [  restartedMain] com.zaxxer.hikari.HikariDataSource       : HikariPool-3 - Shutdown initiated...
2026-04-07T00:30:45.340+05:30  INFO 29292 --- [edumanage] [  restartedMain] com.zaxxer.hikari.HikariDataSource       : HikariPool-3 - Shutdown completed.
2026-04-07T00:30:45.342+05:30  INFO 29292 --- [edumanage] [  restartedMain] o.apache.catalina.core.StandardService   : Stopping service [Tomcat]
2026-04-07T00:30:45.364+05:30  INFO 29292 --- [edumanage] [  restartedMain] .s.b.a.l.ConditionEvaluationReportLogger : 

Error starting ApplicationContext. To display the condition evaluation report re-run your application with 'debug' enabled.
2026-04-07T00:30:45.380+05:30 ERROR 29292 --- [edumanage] [  restartedMain] o.s.boot.SpringApplication               : Application run failed

org.springframework.beans.factory.BeanCreationException: Error creating bean with name 'attendanceController' defined in file [C:\Users\VISHWAS\Downloads\project\project\target\classes\com\klu\project\controller\AttendanceController.class]: Failed to instantiate [com.klu.project.controller.AttendanceController]: Constructor threw exception
	at org.springframework.beans.factory.support.AbstractAutowireCapableBeanFactory.instantiateBean(AbstractAutowireCapableBeanFactory.java:1343) ~[spring-beans-6.2.5.jar:6.2.5]
	at org.springframework.beans.factory.support.AbstractAutowireCapableBeanFactory.createBeanInstance(AbstractAutowireCapableBeanFactory.java:1228) ~[spring-beans-6.2.5.jar:6.2.5]
	at org.springframework.beans.factory.support.AbstractAutowireCapableBeanFactory.doCreateBean(AbstractAutowireCapableBeanFactory.java:563) ~[spring-beans-6.2.5.jar:6.2.5]
	at org.springframework.beans.factory.support.AbstractAutowireCapableBeanFactory.createBean(AbstractAutowireCapableBeanFactory.java:523) ~[spring-beans-6.2.5.jar:6.2.5]
	at org.springframework.beans.factory.support.AbstractBeanFactory.lambda$doGetBean$0(AbstractBeanFactory.java:339) ~[spring-beans-6.2.5.jar:6.2.5]
	at org.springframework.beans.factory.support.DefaultSingletonBeanRegistry.getSingleton(DefaultSingletonBeanRegistry.java:347) ~[spring-beans-6.2.5.jar:6.2.5]
	at org.springframework.beans.factory.support.AbstractBeanFactory.doGetBean(AbstractBeanFactory.java:337) ~[spring-beans-6.2.5.jar:6.2.5]
	at org.springframework.beans.factory.support.AbstractBeanFactory.getBean(AbstractBeanFactory.java:202) ~[spring-beans-6.2.5.jar:6.2.5]
	at org.springframework.beans.factory.support.DefaultListableBeanFactory.instantiateSingleton(DefaultListableBeanFactory.java:1155) ~[spring-beans-6.2.5.jar:6.2.5]
	at org.springframework.beans.factory.support.DefaultListableBeanFactory.preInstantiateSingleton(DefaultListableBeanFactory.java:1121) ~[spring-beans-6.2.5.jar:6.2.5]
	at org.springframework.beans.factory.support.DefaultListableBeanFactory.preInstantiateSingletons(DefaultListableBeanFactory.java:1056) ~[spring-beans-6.2.5.jar:6.2.5]
	at org.springframework.context.support.AbstractApplicationContext.finishBeanFactoryInitialization(AbstractApplicationContext.java:987) ~[spring-context-6.2.5.jar:6.2.5]
	at org.springframework.context.support.AbstractApplicationContext.refresh(AbstractApplicationContext.java:627) ~[spring-context-6.2.5.jar:6.2.5]
	at org.springframework.boot.web.servlet.context.ServletWebServerApplicationContext.refresh(ServletWebServerApplicationContext.java:146) ~[spring-boot-3.4.4.jar:3.4.4]
	at org.springframework.boot.SpringApplication.refresh(SpringApplication.java:752) ~[spring-boot-3.4.4.jar:3.4.4]
	at org.springframework.boot.SpringApplication.refreshContext(SpringApplication.java:439) ~[spring-boot-3.4.4.jar:3.4.4]
	at org.springframework.boot.SpringApplication.run(SpringApplication.java:318) ~[spring-boot-3.4.4.jar:3.4.4]
	at org.springframework.boot.SpringApplication.run(SpringApplication.java:1361) ~[spring-boot-3.4.4.jar:3.4.4]
	at org.springframework.boot.SpringApplication.run(SpringApplication.java:1350) ~[spring-boot-3.4.4.jar:3.4.4]
	at com.klu.project.ProjectApplication.main(ProjectApplication.java:12) ~[classes/:na]
	at java.base/jdk.internal.reflect.NativeMethodAccessorImpl.invoke0(Native Method) ~[na:na]
	at java.base/jdk.internal.reflect.NativeMethodAccessorImpl.invoke(NativeMethodAccessorImpl.java:77) ~[na:na]
	at java.base/jdk.internal.reflect.DelegatingMethodAccessorImpl.invoke(DelegatingMethodAccessorImpl.java:43) ~[na:na]
	at java.base/java.lang.reflect.Method.invoke(Method.java:569) ~[na:na]
	at org.springframework.boot.devtools.restart.RestartLauncher.run(RestartLauncher.java:50) ~[spring-boot-devtools-3.4.4.jar:3.4.4]
Caused by: org.springframework.beans.BeanInstantiationException: Failed to instantiate [com.klu.project.controller.AttendanceController]: Constructor threw exception
	at org.springframework.beans.BeanUtils.instantiateClass(BeanUtils.java:222) ~[spring-beans-6.2.5.jar:6.2.5]
	at org.springframework.beans.factory.support.SimpleInstantiationStrategy.instantiate(SimpleInstantiationStrategy.java:122) ~[spring-beans-6.2.5.jar:6.2.5]
	at org.springframework.beans.factory.support.AbstractAutowireCapableBeanFactory.instantiateBean(AbstractAutowireCapableBeanFactory.java:1337) ~[spring-beans-6.2.5.jar:6.2.5]
	... 24 common frames omitted
Caused by: java.lang.Error: Unresolved compilation problem: 
	The blank final field attendanceService may not have been initialized

	at com.klu.project.controller.AttendanceController.<init>(AttendanceController.java:26) ~[classes/:na]
	at java.base/jdk.internal.reflect.NativeConstructorAccessorImpl.newInstance0(Native Method) ~[na:na]
	at java.base/jdk.internal.reflect.NativeConstructorAccessorImpl.newInstance(NativeConstructorAccessorImpl.java:77) ~[na:na]
	at java.base/jdk.internal.reflect.DelegatingConstructorAccessorImpl.newInstance(DelegatingConstructorAccessorImpl.java:45) ~[na:na]
	at java.base/java.lang.reflect.Constructor.newInstanceWithCaller(Constructor.java:500) ~[na:na]
	at java.base/java.lang.reflect.Constructor.newInstance(Constructor.java:481) ~[na:na]
	at org.springframework.beans.BeanUtils.instantiateClass(BeanUtils.java:196) ~[spring-beans-6.2.5.jar:6.2.5]
	... 26 common frames omitted

